# JRE version: Java(TM) SE Runtime Environment (17.0.19+9) (build 17.0.19+9-LTS-183)
# Java VM: Java HotSpot(TM) 64-Bit Server VM (17.0.19+9-LTS-183, mixed mode, sharing, tiered, compressed oops, compressed class ptrs, g1 gc, windows-amd64)
GC Precious Log:
 CPUs: 8 total, 8 available
 Memory: 8050M
 Large Page Support: Disabled
 NUMA Support: Disabled
 Compressed Oops: Enabled (32-bit)
 Heap Region Size: 1M
 Heap Min Capacity: 8M
 Heap Initial Capacity: 126M
 Heap Max Capacity: 1536M
 Pre-touch: Disabled
 Parallel Workers: 8
 Concurrent Workers: 2
 Concurrent Refinement Workers: 8
 Periodic GC: Disabled
Heap:
 garbage-first heap   total 263168K, used 180691K [0x00000000a0000000, 0x0000000100000000)
  region size 1024K, 20 young (20480K), 5 survivors (5120K)
 Metaspace       used 117877K, committed 118912K, reserved 557056K
  class space    used 15799K, committed 16320K, reserved 425984K
GC Heap History (20 events):
Event: 23.247 GC heap before
{Heap before GC invocations=67 (full 0):
 garbage-first heap   total 219136K, used 191446K [0x00000000a0000000, 0x0000000100000000)
  region size 1024K, 45 young (46080K), 1 survivors (1024K)
 Metaspace       used 103314K, committed 104256K, reserved 557056K
  class space    used 14251K, committed 14720K, reserved 425984K
}
Event: 23.253 GC heap after
{Heap after GC invocations=68 (full 0):
 garbage-first heap   total 263168K, used 132620K [0x00000000a0000000, 0x0000000100000000)
  region size 1024K, 4 young (4096K), 4 survivors (4096K)
 Metaspace       used 103314K, committed 104256K, reserved 557056K
  class space    used 14251K, committed 14720K, reserved 425984K
}
Event: 24.687 GC heap before
{Heap before GC invocations=69 (full 0):
 garbage-first heap   total 263168K, used 202252K [0x00000000a0000000, 0x0000000100000000)
  region size 1024K, 73 young (74752K), 4 survivors (4096K)
 Metaspace       used 105148K, committed 106048K, reserved 557056K
  class space    used 14446K, committed 14912K, reserved 425984K
}
Event: 24.698 GC heap after
{Heap after GC invocations=70 (full 0):
 garbage-first heap   total 263168K, used 138745K [0x00000000a0000000, 0x0000000100000000)
  region size 1024K, 10 young (10240K), 10 survivors (10240K)
 Metaspace       used 105148K, committed 106048K, reserved 557056K
  class space    used 14446K, committed 14912K, reserved 425984K
}
Event: 24.715 GC heap before
{Heap before GC invocations=70 (full 0):
 garbage-first heap   total 263168K, used 139769K [0x00000000a0000000, 0x0000000100000000)
  region size 1024K, 12 young (12288K), 10 survivors (10240K)
 Metaspace       used 105325K, committed 106240K, reserved 557056K
  class space    used 14465K, committed 14912K, reserved 425984K
}
Event: 24.726 GC heap after
{Heap after GC invocations=71 (full 0):
 garbage-first heap   total 263168K, used 137326K [0x00000000a0000000, 0x0000000100000000)
  region size 1024K, 2 young (2048K), 2 survivors (2048K)
 Metaspace       used 105325K, committed 106240K, reserved 557056K
  class space    used 14465K, committed 14912K, reserved 425984K
}
Event: 25.285 GC heap before
{Heap before GC invocations=71 (full 0):
 garbage-first heap   total 263168K, used 205934K [0x00000000a0000000, 0x0000000100000000)
  region size 1024K, 70 young (71680K), 2 survivors (2048K)
 Metaspace       used 107267K, committed 108160K, reserved 557056K
  class space    used 14663K, committed 15104K, reserved 425984K
}
Event: 25.291 GC heap after
{Heap after GC invocations=72 (full 0):
 garbage-first heap   total 263168K, used 143710K [0x00000000a0000000, 0x0000000100000000)
  region size 1024K, 8 young (8192K), 8 survivors (8192K)
 Metaspace       used 107267K, committed 108160K, reserved 557056K
  class space    used 14663K, committed 15104K, reserved 425984K
}
Event: 25.901 GC heap before
{Heap before GC invocations=72 (full 0):
 garbage-first heap   total 263168K, used 208222K [0x00000000a0000000, 0x0000000100000000)
  region size 1024K, 72 young (73728K), 8 survivors (8192K)
 Metaspace       used 108539K, committed 109440K, reserved 557056K
  class space    used 14809K, committed 15232K, reserved 425984K
}
Event: 25.909 GC heap after
{Heap after GC invocations=73 (full 0):
 garbage-first heap   total 263168K, used 147824K [0x00000000a0000000, 0x0000000100000000)
  region size 1024K, 5 young (5120K), 5 survivors (5120K)
 Metaspace       used 108539K, committed 109440K, reserved 557056K
  class space    used 14809K, committed 15232K, reserved 425984K
}
Event: 26.362 GC heap before
{Heap before GC invocations=73 (full 0):
 garbage-first heap   total 263168K, used 211312K [0x00000000a0000000, 0x0000000100000000)
  region size 1024K, 68 young (69632K), 5 survivors (5120K)
 Metaspace       used 109135K, committed 110016K, reserved 557056K
  class space    used 14870K, committed 15296K, reserved 425984K
}
Event: 26.368 GC heap after
{Heap after GC invocations=74 (full 0):
 garbage-first heap   total 263168K, used 151875K [0x00000000a0000000, 0x0000000100000000)
  region size 1024K, 9 young (9216K), 9 survivors (9216K)
 Metaspace       used 109135K, committed 110016K, reserved 557056K
  class space    used 14870K, committed 15296K, reserved 425984K
}
Event: 29.999 GC heap before
{Heap before GC invocations=74 (full 0):
 garbage-first heap   total 263168K, used 213315K [0x00000000a0000000, 0x0000000100000000)
  region size 1024K, 70 young (71680K), 9 survivors (9216K)
 Metaspace       used 110187K, committed 111040K, reserved 557056K
  class space    used 14986K, committed 15424K, reserved 425984K
}
Event: 30.006 GC heap after
{Heap after GC invocations=75 (full 0):
 garbage-first heap   total 263168K, used 154495K [0x00000000a0000000, 0x0000000100000000)
  region size 1024K, 7 young (7168K), 7 survivors (7168K)
 Metaspace       used 110187K, committed 111040K, reserved 557056K
  class space    used 14986K, committed 15424K, reserved 425984K
}
Event: 30.417 GC heap before
{Heap before GC invocations=75 (full 0):
 garbage-first heap   total 263168K, used 220031K [0x00000000a0000000, 0x0000000100000000)
  region size 1024K, 70 young (71680K), 7 survivors (7168K)
 Metaspace       used 112768K, committed 113728K, reserved 557056K
  class space    used 15144K, committed 15616K, reserved 425984K
}
Event: 30.423 GC heap after
{Heap after GC invocations=76 (full 0):
 garbage-first heap   total 263168K, used 157205K [0x00000000a0000000, 0x0000000100000000)
  region size 1024K, 6 young (6144K), 6 survivors (6144K)
 Metaspace       used 112768K, committed 113728K, reserved 557056K
  class space    used 15144K, committed 15616K, reserved 425984K
}
Event: 30.912 GC heap before
{Heap before GC invocations=76 (full 0):
 garbage-first heap   total 263168K, used 218645K [0x00000000a0000000, 0x0000000100000000)
  region size 1024K, 67 young (68608K), 6 survivors (6144K)
 Metaspace       used 113664K, committed 114560K, reserved 557056K
  class space    used 15237K, committed 15680K, reserved 425984K
}
Event: 30.919 GC heap after
{Heap after GC invocations=77 (full 0):
 garbage-first heap   total 263168K, used 164961K [0x00000000a0000000, 0x0000000100000000)
  region size 1024K, 9 young (9216K), 9 survivors (9216K)
 Metaspace       used 113664K, committed 114560K, reserved 557056K
  class space    used 15237K, committed 15680K, reserved 425984K
}
Event: 44.143 GC heap before
{Heap before GC invocations=77 (full 0):
 garbage-first heap   total 263168K, used 215137K [0x00000000a0000000, 0x0000000100000000)
  region size 1024K, 59 young (60416K), 9 survivors (9216K)
 Metaspace       used 117277K, committed 118272K, reserved 557056K
  class space    used 15690K, committed 16192K, reserved 425984K
}
Event: 44.158 GC heap after
{Heap after GC invocations=78 (full 0):
 garbage-first heap   total 263168K, used 167379K [0x00000000a0000000, 0x0000000100000000)
  region size 1024K, 5 young (5120K), 5 survivors (5120K)
 Metaspace       used 117277K, committed 118272K, reserved 557056K
  class space    used 15690K, committed 16192K, reserved 425984K
}

